2021-02-15 15:12:59.524  INFO 9100 --- [main] com.course.Application                   : Starting Application v1.0-SNAPSHOT on MSI with PID 9100 (D:\WorkSpace\muke\AutoTest\Chapter13\target\Chapter13-1.0-SNAPSHOT.jar started by Alex in D:\WorkSpace\muke\AutoTest\Chapter13\target)
2021-02-15 15:12:59.529  INFO 9100 --- [main] com.course.Application                   : No active profile set, falling back to default profiles: default
2021-02-15 15:12:59.586  INFO 9100 --- [main] ationConfigEmbeddedWebApplicationContext : Refreshing org.springframework.boot.context.embedded.AnnotationConfigEmbeddedWebApplicationContext@504bae78: startup date [Mon Feb 15 15:12:59 GMT+08:00 2021]; root of context hierarchy
2021-02-15 15:13:00.636  WARN 9100 --- [main] o.m.s.mapper.ClassPathMapperScanner      : No MyBatis mapper was found in '[com.course]' package. Please check your configuration.
2021-02-15 15:13:01.038  INFO 9100 --- [main] trationDelegate$BeanPostProcessorChecker : Bean 'org.springframework.transaction.annotation.ProxyTransactionManagementConfiguration' of type [org.springframework.transaction.annotation.ProxyTransactionManagementConfiguration$$EnhancerBySpringCGLIB$$76a18043] is not eligible for getting processed by all BeanPostProcessors (for example: not eligible for auto-proxying)
2021-02-15 15:13:01.887  INFO 9100 --- [main] s.b.c.e.t.TomcatEmbeddedServletContainer : Tomcat initialized with port(s): 8888 (http)
2021-02-15 15:13:01.902  INFO 9100 --- [main] o.apache.catalina.core.StandardService   : Starting service Tomcat
2021-02-15 15:13:01.904  INFO 9100 --- [main] org.apache.catalina.core.StandardEngine  : Starting Servlet Engine: Apache Tomcat/8.5.14
2021-02-15 15:13:02.019  INFO 9100 --- [localhost-startStop-1] o.a.c.c.C.[Tomcat].[localhost].[/]       : Initializing Spring embedded WebApplicationContext
2021-02-15 15:13:02.020  INFO 9100 --- [localhost-startStop-1] o.s.web.context.ContextLoader            : Root WebApplicationContext: initialization completed in 2437 ms
2021-02-15 15:13:02.195  INFO 9100 --- [localhost-startStop-1] o.s.b.w.servlet.ServletRegistrationBean  : Mapping servlet: 'dispatcherServlet' to [/]
2021-02-15 15:13:02.199  INFO 9100 --- [localhost-startStop-1] o.s.b.w.servlet.FilterRegistrationBean   : Mapping filter: 'characterEncodingFilter' to: [/*]
2021-02-15 15:13:02.200  INFO 9100 --- [localhost-startStop-1] o.s.b.w.servlet.FilterRegistrationBean   : Mapping filter: 'hiddenHttpMethodFilter' to: [/*]
2021-02-15 15:13:02.201  INFO 9100 --- [localhost-startStop-1] o.s.b.w.servlet.FilterRegistrationBean   : Mapping filter: 'httpPutFormContentFilter' to: [/*]
2021-02-15 15:13:02.202  INFO 9100 --- [localhost-startStop-1] o.s.b.w.servlet.FilterRegistrationBean   : Mapping filter: 'requestContextFilter' to: [/*]
2021-02-15 15:13:03.103  INFO 9100 --- [main] s.w.s.m.m.a.RequestMappingHandlerMapping : Mapped "{[/v1/getUserInfo],methods=[POST]}" onto public java.util.List<com.course.model.User> com.course.controller.UserManager.getUserInfo(javax.servlet.http.HttpServletRequest,com.course.model.User)
2021-02-15 15:13:03.104  INFO 9100 --- [main] s.w.s.m.m.a.RequestMappingHandlerMapping : Mapped "{[/v1/updateUserInfo],methods=[POST]}" onto public int com.course.controller.UserManager.updateUser(javax.servlet.http.HttpServletRequest,com.course.model.User)
2021-02-15 15:13:03.105  INFO 9100 --- [main] s.w.s.m.m.a.RequestMappingHandlerMapping : Mapped "{[/v1/login],methods=[POST]}" onto public java.lang.Boolean com.course.controller.UserManager.login(javax.servlet.http.HttpServletResponse,com.course.model.User)
2021-02-15 15:13:03.105  INFO 9100 --- [main] s.w.s.m.m.a.RequestMappingHandlerMapping : Mapped "{[/v1/addUser],methods=[POST]}" onto public boolean com.course.controller.UserManager.addUser(javax.servlet.http.HttpServletRequest,com.course.model.User)
2021-02-15 15:13:03.106  INFO 9100 --- [main] s.w.s.m.m.a.RequestMappingHandlerMapping : Mapped "{[/v2/api-docs],methods=[GET],produces=[application/json || application/hal+json]}" onto public org.springframework.http.ResponseEntity<springfox.documentation.spring.web.json.Json> springfox.documentation.swagger2.web.Swagger2Controller.getDocumentation(java.lang.String,javax.servlet.http.HttpServletRequest)
2021-02-15 15:13:03.109  INFO 9100 --- [main] s.w.s.m.m.a.RequestMappingHandlerMapping : Mapped "{[/swagger-resources/configuration/ui]}" onto org.springframework.http.ResponseEntity<springfox.documentation.swagger.web.UiConfiguration> springfox.documentation.swagger.web.ApiResourceController.uiConfiguration()
2021-02-15 15:13:03.110  INFO 9100 --- [main] s.w.s.m.m.a.RequestMappingHandlerMapping : Mapped "{[/swagger-resources]}" onto org.springframework.http.ResponseEntity<java.util.List<springfox.documentation.swagger.web.SwaggerResource>> springfox.documentation.swagger.web.ApiResourceController.swaggerResources()
2021-02-15 15:13:03.111  INFO 9100 --- [main] s.w.s.m.m.a.RequestMappingHandlerMapping : Mapped "{[/swagger-resources/configuration/security]}" onto org.springframework.http.ResponseEntity<springfox.documentation.swagger.web.SecurityConfiguration> springfox.documentation.swagger.web.ApiResourceController.securityConfiguration()
2021-02-15 15:13:03.113  INFO 9100 --- [main] s.w.s.m.m.a.RequestMappingHandlerMapping : Mapped "{[/error]}" onto public org.springframework.http.ResponseEntity<java.util.Map<java.lang.String, java.lang.Object>> org.springframework.boot.autoconfigure.web.BasicErrorController.error(javax.servlet.http.HttpServletRequest)
2021-02-15 15:13:03.115  INFO 9100 --- [main] s.w.s.m.m.a.RequestMappingHandlerMapping : Mapped "{[/error],produces=[text/html]}" onto public org.springframework.web.servlet.ModelAndView org.springframework.boot.autoconfigure.web.BasicErrorController.errorHtml(javax.servlet.http.HttpServletRequest,javax.servlet.http.HttpServletResponse)
2021-02-15 15:13:03.273  INFO 9100 --- [main] s.w.s.m.m.a.RequestMappingHandlerAdapter : Looking for @ControllerAdvice: org.springframework.boot.context.embedded.AnnotationConfigEmbeddedWebApplicationContext@504bae78: startup date [Mon Feb 15 15:12:59 GMT+08:00 2021]; root of context hierarchy
2021-02-15 15:13:03.335  INFO 9100 --- [main] o.s.w.s.handler.SimpleUrlHandlerMapping  : Mapped URL path [/webjars/**] onto handler of type [class org.springframework.web.servlet.resource.ResourceHttpRequestHandler]
2021-02-15 15:13:03.335  INFO 9100 --- [main] o.s.w.s.handler.SimpleUrlHandlerMapping  : Mapped URL path [/**] onto handler of type [class org.springframework.web.servlet.resource.ResourceHttpRequestHandler]
2021-02-15 15:13:03.419  INFO 9100 --- [main] o.s.w.s.handler.SimpleUrlHandlerMapping  : Mapped URL path [/**/favicon.ico] onto handler of type [class org.springframework.web.servlet.resource.ResourceHttpRequestHandler]
2021-02-15 15:13:03.603  INFO 9100 --- [main] o.s.j.e.a.AnnotationMBeanExporter        : Registering beans for JMX exposure on startup
2021-02-15 15:13:03.609  INFO 9100 --- [main] o.s.c.support.DefaultLifecycleProcessor  : Starting beans in phase 2147483647
2021-02-15 15:13:03.610  INFO 9100 --- [main] d.s.w.p.DocumentationPluginsBootstrapper : Context refreshed
2021-02-15 15:13:03.637  INFO 9100 --- [main] d.s.w.p.DocumentationPluginsBootstrapper : Found 1 custom documentation plugin(s)
2021-02-15 15:13:03.652  INFO 9100 --- [main] s.d.s.w.s.ApiListingReferenceScanner     : Scanning for api listing references
2021-02-15 15:13:03.965  INFO 9100 --- [main] s.b.c.e.t.TomcatEmbeddedServletContainer : Tomcat started on port(s): 8888 (http)
2021-02-15 15:13:03.970  INFO 9100 --- [main] com.course.Application                   : Started Application in 4.912 seconds (JVM running for 5.41)
2021-02-15 15:41:32.864  INFO 9100 --- [http-nio-8888-exec-3] o.a.c.c.C.[Tomcat].[localhost].[/]       : Initializing Spring FrameworkServlet 'dispatcherServlet'
2021-02-15 15:41:32.864  INFO 9100 --- [http-nio-8888-exec-3] o.s.web.servlet.DispatcherServlet        : FrameworkServlet 'dispatcherServlet': initialization started
2021-02-15 15:41:32.885  INFO 9100 --- [http-nio-8888-exec-3] o.s.web.servlet.DispatcherServlet        : FrameworkServlet 'dispatcherServlet': initialization completed in 20 ms
2021-02-15 15:41:34.195  INFO 9100 --- [http-nio-8888-exec-3] com.course.controller.UserManager        : 查询到的结果是1
2021-02-15 15:41:34.198  INFO 9100 --- [http-nio-8888-exec-3] com.course.controller.UserManager        : 登陆的用户是：zhangsan
2021-02-15 15:41:34.284  INFO 9100 --- [http-nio-8888-exec-1] com.course.controller.UserManager        : 查询到的结果是0
